\BOOKMARK [1][-]{section*.2}{List\040of\040Figures}{}% 1
\BOOKMARK [1][-]{section*.3}{List\040of\040Tables}{}% 2
\BOOKMARK [1][-]{section.1}{Introduction}{}% 3
\BOOKMARK [2][-]{subsection.1.1}{Context}{section.1}% 4
\BOOKMARK [2][-]{subsection.1.2}{Problem\040statement}{section.1}% 5
\BOOKMARK [2][-]{subsection.1.3}{Goals}{section.1}% 6
\BOOKMARK [2][-]{subsection.1.4}{Related\040Work}{section.1}% 7
\BOOKMARK [2][-]{subsection.1.5}{Contribution}{section.1}% 8
\BOOKMARK [1][-]{section.2}{Foundations}{}% 9
\BOOKMARK [2][-]{subsection.2.1}{Topic\0401}{section.2}% 10
\BOOKMARK [2][-]{subsection.2.2}{Topic\0402}{section.2}% 11
\BOOKMARK [2][-]{subsection.2.3}{Topic\0403}{section.2}% 12
\BOOKMARK [1][-]{section.3}{Implementation}{}% 13
\BOOKMARK [2][-]{subsection.3.1}{Robotic\040Arm}{section.3}% 14
\BOOKMARK [2][-]{subsection.3.2}{Moving\040the\040robotic\040arm}{section.3}% 15
\BOOKMARK [2][-]{subsection.3.3}{Getting\040Images\040from\040the\040camera}{section.3}% 16
\BOOKMARK [1][-]{section.4}{Experiments}{}% 17
\BOOKMARK [1][-]{section.5}{Discussion}{}% 18
\BOOKMARK [1][-]{section.6}{Conclusion}{}% 19
\BOOKMARK [1][-]{section.7}{Using\040LaTeX,\040erase\040this\040chapter\040later}{}% 20
\BOOKMARK [2][-]{subsection.7.1}{Mathematische\040Gleichungen}{section.7}% 21
\BOOKMARK [2][-]{subsection.7.2}{Das\040ist\040eine\040Auflistung}{section.7}% 22
\BOOKMARK [2][-]{subsection.7.3}{Das\040ist\040eine\040Bullet-Liste}{section.7}% 23
\BOOKMARK [2][-]{subsection.7.4}{Eine\040Grafik\040bindet\040man\040so\040ein}{section.7}% 24
\BOOKMARK [2][-]{subsection.7.5}{So\040schreibt\040man\040einen\040Algorithmus}{section.7}% 25
\BOOKMARK [2][-]{subsection.7.6}{So\040gestaltet\040man\040eine\040Tabelle}{section.7}% 26
\BOOKMARK [2][-]{subsection.7.7}{Interne\040Referenzen}{section.7}% 27
\BOOKMARK [2][-]{subsection.7.8}{Textformatierung}{section.7}% 28
\BOOKMARK [2][-]{subsection.7.9}{Zitieren}{section.7}% 29
\BOOKMARK [2][-]{subsection.7.10}{Webquellen\040zitieren}{section.7}% 30
\BOOKMARK [2][-]{subsection.7.11}{Literaturverzichnis\040erstellen}{section.7}% 31
\BOOKMARK [1][-]{appendix.A}{Code\040Snippets}{}% 32
\BOOKMARK [1][-]{appendix.B}{Thesis\040defence}{}% 33
\BOOKMARK [1][-]{appendix.C}{Extras}{}% 34
\BOOKMARK [2][-]{subsection.C.1}{Markov\040Decision\040Process}{appendix.C}% 35
\BOOKMARK [2][-]{subsection.C.2}{Q\040learning\040Algorithm}{appendix.C}% 36
\BOOKMARK [2][-]{subsection.C.3}{Deep\040Q\040Learning}{appendix.C}% 37
